<?xml version="1.0" encoding="UTF-8"?>
<!-- Generated by org.testng.reporters.JUnitReportReporter -->
<testsuite skipped="0" hostname="NCDWIN7PXD16165" name="com.UPA_sailpoint.ApplicationOnBoarding.UPA_AppOnBoardingForSWOW" tests="1" failures="0" timestamp="03 Jul 2019 11:44:57 GMT" time="354.199" errors="0">
  <testcase name="appInfo" time="354.199" classname="com.UPA_sailpoint.ApplicationOnBoarding.UPA_AppOnBoardingForSWOW"/>
</testsuite> <!-- com.UPA_sailpoint.ApplicationOnBoarding.UPA_AppOnBoardingForSWOW -->
