<?xml version="1.0" encoding="UTF-8"?>
<!-- Generated by org.testng.reporters.JUnitReportReporter -->
<testsuite hostname="NCDWIN7PXD16165" name="com.UPA_sailpoint.testcases.TestconnectionForUPA" tests="10" failures="0" timestamp="26 Jun 2019 11:56:14 GMT" time="307.258" errors="0">
  <testcase name="appInfo" time="30.562" classname="com.UPA_sailpoint.testcases.TestconnectionForUPA"/>
  <testcase name="appInfo" time="30.511" classname="com.UPA_sailpoint.testcases.TestconnectionForUPA"/>
  <testcase name="appInfo" time="30.625" classname="com.UPA_sailpoint.testcases.TestconnectionForUPA"/>
  <testcase name="appInfo" time="31.055" classname="com.UPA_sailpoint.testcases.TestconnectionForUPA"/>
  <testcase name="appInfo" time="30.498" classname="com.UPA_sailpoint.testcases.TestconnectionForUPA"/>
  <testcase name="appInfo" time="31.293" classname="com.UPA_sailpoint.testcases.TestconnectionForUPA"/>
  <testcase name="appInfo" time="30.515" classname="com.UPA_sailpoint.testcases.TestconnectionForUPA"/>
  <testcase name="appInfo" time="30.626" classname="com.UPA_sailpoint.testcases.TestconnectionForUPA"/>
  <testcase name="appInfo" time="30.484" classname="com.UPA_sailpoint.testcases.TestconnectionForUPA"/>
  <testcase name="appInfo" time="31.089" classname="com.UPA_sailpoint.testcases.TestconnectionForUPA"/>
</testsuite> <!-- com.UPA_sailpoint.testcases.TestconnectionForUPA -->
