<?xml version="1.0" encoding="UTF-8"?>
<!-- Generated by org.testng.reporters.JUnitReportReporter -->
<testsuite skipped="0" hostname="NCDWIN7PXD17440" name="com.UPA_sailpoint.Aggregation.AggregationOfDelimited_HK" tests="2" failures="0" timestamp="28 May 2019 11:12:52 GMT" time="49.698" errors="0">
  <testcase name="aggregation" time="25.112" classname="com.UPA_sailpoint.Aggregation.AggregationOfDelimited_HK"/>
  <testcase name="aggregation" time="24.586" classname="com.UPA_sailpoint.Aggregation.AggregationOfDelimited_HK"/>
</testsuite> <!-- com.UPA_sailpoint.Aggregation.AggregationOfDelimited_HK -->
