<?xml version="1.0" encoding="UTF-8"?>
<!-- Generated by org.testng.reporters.JUnitReportReporter -->
<testsuite hostname="NCDWIN7PXD16165" name="com.UPA_sailpoint.ApplicationOnBoarding.UPA_AppOnBoardingForDelimited" tests="3" failures="0" timestamp="27 Jun 2019 15:10:54 GMT" time="954.969" errors="0">
  <testcase name="AppInfo" time="353.546" classname="com.UPA_sailpoint.ApplicationOnBoarding.UPA_AppOnBoardingForDelimited"/>
  <testcase name="AppInfo" time="347.431" classname="com.UPA_sailpoint.ApplicationOnBoarding.UPA_AppOnBoardingForDelimited"/>
  <testcase name="AppInfo" time="253.992" classname="com.UPA_sailpoint.ApplicationOnBoarding.UPA_AppOnBoardingForDelimited"/>
</testsuite> <!-- com.UPA_sailpoint.ApplicationOnBoarding.UPA_AppOnBoardingForDelimited -->
