<?xml version="1.0" encoding="UTF-8"?>
<!-- Generated by org.testng.reporters.JUnitReportReporter -->
<testsuite skipped="0" hostname="NCDWIN7PXD16165" name="com.UPA_sailpoint.ApplicationOnBoarding.UPA_AppOnBoardingForADDirect" tests="4" failures="0" timestamp="03 Jul 2019 11:14:55 GMT" time="1364.302" errors="0">
  <testcase name="AppInfo" time="267.906" classname="com.UPA_sailpoint.ApplicationOnBoarding.UPA_AppOnBoardingForADDirect"/>
  <testcase name="AppInfo" time="335.927" classname="com.UPA_sailpoint.ApplicationOnBoarding.UPA_AppOnBoardingForADDirect"/>
  <testcase name="AppInfo" time="351.803" classname="com.UPA_sailpoint.ApplicationOnBoarding.UPA_AppOnBoardingForADDirect"/>
  <testcase name="AppInfo" time="408.666" classname="com.UPA_sailpoint.ApplicationOnBoarding.UPA_AppOnBoardingForADDirect"/>
</testsuite> <!-- com.UPA_sailpoint.ApplicationOnBoarding.UPA_AppOnBoardingForADDirect -->
