<?xml version="1.0" encoding="UTF-8"?>
<!-- Generated by org.testng.reporters.JUnitReportReporter -->
<testsuite skipped="0" hostname="NCDWIN7PXD17440" name="com.UPA_sailpoint.Aggregation.AggregationOfSuccessFactor_SWOW" tests="2" failures="0" timestamp="28 May 2019 11:29:42 GMT" time="48.338" errors="0">
  <testcase name="aggregation" time="23.912" classname="com.UPA_sailpoint.Aggregation.AggregationOfSuccessFactor_SWOW"/>
  <testcase name="aggregation" time="24.426" classname="com.UPA_sailpoint.Aggregation.AggregationOfSuccessFactor_SWOW"/>
</testsuite> <!-- com.UPA_sailpoint.Aggregation.AggregationOfSuccessFactor_SWOW -->
