<?xml version="1.0" encoding="UTF-8"?>
<!-- Generated by org.testng.reporters.JUnitReportReporter -->
<testsuite skipped="0" hostname="NCDWIN7PXD16165" name="com.UPA_sailpoint.ApplicationOnBoarding.UPA_AppOnBoardingForSuccessFactor" tests="1" failures="0" timestamp="03 Jul 2019 10:21:37 GMT" time="283.758" errors="0">
  <testcase name="appInfo" time="283.758" classname="com.UPA_sailpoint.ApplicationOnBoarding.UPA_AppOnBoardingForSuccessFactor"/>
</testsuite> <!-- com.UPA_sailpoint.ApplicationOnBoarding.UPA_AppOnBoardingForSuccessFactor -->
