<?xml version="1.0" encoding="UTF-8"?>
<!-- Generated by org.testng.reporters.JUnitReportReporter -->
<testsuite skipped="0" hostname="NCDWIN7PXD16373" name="com.UPA_sailpoint.ApplicationOnBoarding.UPA_AppOnBoardingorLdap" tests="1" failures="0" timestamp="03 Jul 2019 05:03:22 GMT" time="2.983" errors="1">
  <testcase name="AppInfo" time="2.983" classname="com.UPA_sailpoint.ApplicationOnBoarding.UPA_AppOnBoardingorLdap">
    <error type="org.testng.internal.reflect.MethodMatcherException" message="
Data provider mismatch
Method: AppInfo([Parameter{index=0, type=java.lang.String, declaredAnnotations=[]}, Parameter{index=1, type=java.lang.String, declaredAnnotations=[]}, Parameter{index=2, type=java.lang.String, declaredAnnotations=[]}, Parameter{index=3, type=java.lang.String, declaredAnnotations=[]}, Parameter{index=4, type=java.lang.String, declaredAnnotations=[]}, Parameter{index=5, type=java.lang.String, declaredAnnotations=[]}, Parameter{index=6, type=java.lang.String, declaredAnnotations=[]}, Parameter{index=7, type=java.lang.String, declaredAnnotations=[]}, Parameter{index=8, type=java.lang.String, declaredAnnotations=[]}, Parameter{index=9, type=java.lang.String, declaredAnnotations=[]}, Parameter{index=10, type=java.lang.String, declaredAnnotations=[]}, Parameter{index=11, type=java.lang.String, declaredAnnotations=[]}, Parameter{index=12, type=java.lang.String, declaredAnnotations=[]}, Parameter{index=13, type=java.lang.String, declaredAnnotations=[]}, Parameter{index=14, type=java.lang.String, declaredAnnotations=[]}, Parameter{index=15, type=java.lang.String, declaredAnnotations=[]}, Parameter{index=16, type=java.lang.String, declaredAnnotations=[]}, Parameter{index=17, type=java.lang.String, declaredAnnotations=[]}, Parameter{index=18, type=java.lang.String, declaredAnnotations=[]}, Parameter{index=19, type=java.lang.String, declaredAnnotations=[]}, Parameter{index=20, type=java.lang.String, declaredAnnotations=[]}, Parameter{index=21, type=java.lang.String, declaredAnnotations=[]}, Parameter{index=22, type=java.lang.String, declaredAnnotations=[]}, Parameter{index=23, type=java.lang.String, declaredAnnotations=[]}, Parameter{index=24, type=java.lang.String, declaredAnnotations=[]}, Parameter{index=25, type=java.lang.String, declaredAnnotations=[]}, Parameter{index=26, type=java.lang.String, declaredAnnotations=[]}, Parameter{index=27, type=java.lang.String, declaredAnnotations=[]}, Parameter{index=28, type=java.lang.String, declaredAnnotations=[]}])
Arguments: [(java.lang.String) SAP IDM,(java.lang.String) SAP IDM,(java.lang.String) SAP IDM - Revokers,(java.lang.String) SAP IDM - Application Owners,(java.lang.String)  LDAP,(java.lang.String) Simple,(java.lang.String) svc_iiq_SAPIDM,(java.lang.String) clsapa161.woolworths.com.au,(java.lang.String) 1636,(java.lang.String) Test Successful,(java.lang.String) MX_PERSON,(java.lang.String) mskeyvalue,(java.lang.String) dn,(java.lang.String) MX_PRIVILEGE,(java.lang.String) mskeyvalue,(java.lang.String) mskey,(java.lang.String) MX_ROLE,(java.lang.String) mskeyvalue,(java.lang.String) mskey,(java.lang.String) SAP IDM Correlation Config,(java.lang.String) NA,(java.lang.String) NA,(java.lang.String) NA,(java.lang.String) SAP IDM Customization Rule,(java.lang.String) NA,(java.lang.String) SAP IDM - Application Owners,(java.lang.String) SAP IDM - Revokers,(java.lang.String) SAP IDM - Certifiers,(java.lang.String) SAP IDM Account Aggregation,(java.lang.String) SAP IDM Account Group Aggregation,(java.lang.String) SAP IDM Sequential Task Launcher]">
      <![CDATA[org.testng.internal.reflect.MethodMatcherException: 
Data provider mismatch
Method: AppInfo([Parameter{index=0, type=java.lang.String, declaredAnnotations=[]}, Parameter{index=1, type=java.lang.String, declaredAnnotations=[]}, Parameter{index=2, type=java.lang.String, declaredAnnotations=[]}, Parameter{index=3, type=java.lang.String, declaredAnnotations=[]}, Parameter{index=4, type=java.lang.String, declaredAnnotations=[]}, Parameter{index=5, type=java.lang.String, declaredAnnotations=[]}, Parameter{index=6, type=java.lang.String, declaredAnnotations=[]}, Parameter{index=7, type=java.lang.String, declaredAnnotations=[]}, Parameter{index=8, type=java.lang.String, declaredAnnotations=[]}, Parameter{index=9, type=java.lang.String, declaredAnnotations=[]}, Parameter{index=10, type=java.lang.String, declaredAnnotations=[]}, Parameter{index=11, type=java.lang.String, declaredAnnotations=[]}, Parameter{index=12, type=java.lang.String, declaredAnnotations=[]}, Parameter{index=13, type=java.lang.String, declaredAnnotations=[]}, Parameter{index=14, type=java.lang.String, declaredAnnotations=[]}, Parameter{index=15, type=java.lang.String, declaredAnnotations=[]}, Parameter{index=16, type=java.lang.String, declaredAnnotations=[]}, Parameter{index=17, type=java.lang.String, declaredAnnotations=[]}, Parameter{index=18, type=java.lang.String, declaredAnnotations=[]}, Parameter{index=19, type=java.lang.String, declaredAnnotations=[]}, Parameter{index=20, type=java.lang.String, declaredAnnotations=[]}, Parameter{index=21, type=java.lang.String, declaredAnnotations=[]}, Parameter{index=22, type=java.lang.String, declaredAnnotations=[]}, Parameter{index=23, type=java.lang.String, declaredAnnotations=[]}, Parameter{index=24, type=java.lang.String, declaredAnnotations=[]}, Parameter{index=25, type=java.lang.String, declaredAnnotations=[]}, Parameter{index=26, type=java.lang.String, declaredAnnotations=[]}, Parameter{index=27, type=java.lang.String, declaredAnnotations=[]}, Parameter{index=28, type=java.lang.String, declaredAnnotations=[]}])
Arguments: [(java.lang.String) SAP IDM,(java.lang.String) SAP IDM,(java.lang.String) SAP IDM - Revokers,(java.lang.String) SAP IDM - Application Owners,(java.lang.String)  LDAP,(java.lang.String) Simple,(java.lang.String) svc_iiq_SAPIDM,(java.lang.String) clsapa161.woolworths.com.au,(java.lang.String) 1636,(java.lang.String) Test Successful,(java.lang.String) MX_PERSON,(java.lang.String) mskeyvalue,(java.lang.String) dn,(java.lang.String) MX_PRIVILEGE,(java.lang.String) mskeyvalue,(java.lang.String) mskey,(java.lang.String) MX_ROLE,(java.lang.String) mskeyvalue,(java.lang.String) mskey,(java.lang.String) SAP IDM Correlation Config,(java.lang.String) NA,(java.lang.String) NA,(java.lang.String) NA,(java.lang.String) SAP IDM Customization Rule,(java.lang.String) NA,(java.lang.String) SAP IDM - Application Owners,(java.lang.String) SAP IDM - Revokers,(java.lang.String) SAP IDM - Certifiers,(java.lang.String) SAP IDM Account Aggregation,(java.lang.String) SAP IDM Account Group Aggregation,(java.lang.String) SAP IDM Sequential Task Launcher]
at org.testng.internal.reflect.DataProviderMethodMatcher.getConformingArguments(DataProviderMethodMatcher.java:45)
at org.testng.internal.Parameters.injectParameters(Parameters.java:796)
at org.testng.internal.Invoker.invokeTestMethods(Invoker.java:983)
at org.testng.internal.TestMethodWorker.invokeTestMethods(TestMethodWorker.java:125)
at org.testng.internal.TestMethodWorker.run(TestMethodWorker.java:109)
at org.testng.TestRunner.privateRun(TestRunner.java:648)
at org.testng.TestRunner.run(TestRunner.java:505)
at org.testng.SuiteRunner.runTest(SuiteRunner.java:455)
at org.testng.SuiteRunner.runSequentially(SuiteRunner.java:450)
at org.testng.SuiteRunner.privateRun(SuiteRunner.java:415)
at org.testng.SuiteRunner.run(SuiteRunner.java:364)
at org.testng.SuiteRunnerWorker.runSuite(SuiteRunnerWorker.java:52)
at org.testng.SuiteRunnerWorker.run(SuiteRunnerWorker.java:84)
at org.testng.TestNG.runSuitesSequentially(TestNG.java:1208)
at org.testng.TestNG.runSuitesLocally(TestNG.java:1137)
at org.testng.TestNG.runSuites(TestNG.java:1049)
at org.testng.TestNG.run(TestNG.java:1017)
at org.testng.remote.AbstractRemoteTestNG.run(AbstractRemoteTestNG.java:115)
at org.testng.remote.RemoteTestNG.initAndRun(RemoteTestNG.java:251)
at org.testng.remote.RemoteTestNG.main(RemoteTestNG.java:77)
]]>
    </error>
  </testcase> <!-- AppInfo -->
</testsuite> <!-- com.UPA_sailpoint.ApplicationOnBoarding.UPA_AppOnBoardingorLdap -->
